Main menu to go here
ZZZZZZZZZZZZZZ
YTRYTRYTRY
include me
should go to file and console,,,,,,,,,,,,,,,,,,,,,,,
should go to file and console,,,,,,,,,,,,,,,,,,,,,,,
should go to file and console,,,,,,,,,,,,,,,,,,,,,,,
should go to file and console,,,,,,,,,,,,,,,,,,,,,,,final test
presenting main menu
presenting main menu
blar blar blar
presenting main menu
blar blar blar
max processing time = 120000
presenting main menu
max processing time ghj = 120000
max processing time 77777 = 120000
presenting main menu.........
max processing time 77777 = 120000
presenting main menu.........
bad news.........
max processing time 77777 = 120000
presenting main menu.........
File input size = .........5552030394
max processing time 77777 = 120000
presenting main menu.........starting the search
search finished.........
max processing time 77777 = 120000
presenting main menu.........starting the search
Time taken to set up all producer threads with their buffer = 30
crashed performing the search.........
max processing time 77777 = 120000
presenting main menu.........starting the search
Time taken to set up all producer threads with their buffer = 29
crashed performing the search.........
max processing time 77777 = 120000
presenting main menu.........starting the search
Time taken to set up all producer threads with their buffer = 23
crashed performing the search.........
max processing time 77777 = 120000
presenting main menu.........starting the search
Time taken to set up all producer threads with their buffer = 21
crashed performing the search.........
